<?xml version="1.0" encoding="UTF-8"?>
<testsuite xmlns:xsi="http://www.w3.org/2001/XMLSchema-instance" xsi:noNamespaceSchemaLocation="https://maven.apache.org/surefire/maven-surefire-plugin/xsd/surefire-test-report.xsd" name="com.credijusto.googlon.GooglonApplicationTests" time="3.598" tests="5" errors="0" skipped="0" failures="0">
  <properties>
    <property name="sun.desktop" value="windows"/>
    <property name="awt.toolkit" value="sun.awt.windows.WToolkit"/>
    <property name="file.encoding.pkg" value="sun.io"/>
    <property name="java.specification.version" value="1.8"/>
    <property name="sun.cpu.isalist" value="amd64"/>
    <property name="sun.jnu.encoding" value="Cp1252"/>
    <property name="java.class.path" value="J:\dev\googlon\target\test-classes;J:\dev\googlon\target\classes;c:\repo\org\springframework\boot\spring-boot-starter-actuator\2.1.6.RELEASE\spring-boot-starter-actuator-2.1.6.RELEASE.jar;c:\repo\org\springframework\boot\spring-boot-starter\2.1.6.RELEASE\spring-boot-starter-2.1.6.RELEASE.jar;c:\repo\org\springframework\boot\spring-boot-starter-logging\2.1.6.RELEASE\spring-boot-starter-logging-2.1.6.RELEASE.jar;c:\repo\ch\qos\logback\logback-classic\1.2.3\logback-classic-1.2.3.jar;c:\repo\ch\qos\logback\logback-core\1.2.3\logback-core-1.2.3.jar;c:\repo\org\apache\logging\log4j\log4j-to-slf4j\2.11.2\log4j-to-slf4j-2.11.2.jar;c:\repo\org\apache\logging\log4j\log4j-api\2.11.2\log4j-api-2.11.2.jar;c:\repo\org\slf4j\jul-to-slf4j\1.7.26\jul-to-slf4j-1.7.26.jar;c:\repo\javax\annotation\javax.annotation-api\1.3.2\javax.annotation-api-1.3.2.jar;c:\repo\org\yaml\snakeyaml\1.23\snakeyaml-1.23.jar;c:\repo\org\springframework\boot\spring-boot-actuator-autoconfigure\2.1.6.RELEASE\spring-boot-actuator-autoconfigure-2.1.6.RELEASE.jar;c:\repo\org\springframework\boot\spring-boot-actuator\2.1.6.RELEASE\spring-boot-actuator-2.1.6.RELEASE.jar;c:\repo\com\fasterxml\jackson\core\jackson-databind\2.9.9\jackson-databind-2.9.9.jar;c:\repo\com\fasterxml\jackson\core\jackson-annotations\2.9.0\jackson-annotations-2.9.0.jar;c:\repo\com\fasterxml\jackson\core\jackson-core\2.9.9\jackson-core-2.9.9.jar;c:\repo\org\springframework\spring-context\5.1.8.RELEASE\spring-context-5.1.8.RELEASE.jar;c:\repo\com\fasterxml\jackson\datatype\jackson-datatype-jsr310\2.9.9\jackson-datatype-jsr310-2.9.9.jar;c:\repo\io\micrometer\micrometer-core\1.1.5\micrometer-core-1.1.5.jar;c:\repo\org\hdrhistogram\HdrHistogram\2.1.9\HdrHistogram-2.1.9.jar;c:\repo\org\latencyutils\LatencyUtils\2.0.3\LatencyUtils-2.0.3.jar;c:\repo\org\springframework\boot\spring-boot-starter-web\2.1.6.RELEASE\spring-boot-starter-web-2.1.6.RELEASE.jar;c:\repo\org\springframework\boot\spring-boot-starter-json\2.1.6.RELEASE\spring-boot-starter-json-2.1.6.RELEASE.jar;c:\repo\com\fasterxml\jackson\datatype\jackson-datatype-jdk8\2.9.9\jackson-datatype-jdk8-2.9.9.jar;c:\repo\com\fasterxml\jackson\module\jackson-module-parameter-names\2.9.9\jackson-module-parameter-names-2.9.9.jar;c:\repo\org\springframework\boot\spring-boot-starter-tomcat\2.1.6.RELEASE\spring-boot-starter-tomcat-2.1.6.RELEASE.jar;c:\repo\org\apache\tomcat\embed\tomcat-embed-core\9.0.21\tomcat-embed-core-9.0.21.jar;c:\repo\org\apache\tomcat\embed\tomcat-embed-el\9.0.21\tomcat-embed-el-9.0.21.jar;c:\repo\org\apache\tomcat\embed\tomcat-embed-websocket\9.0.21\tomcat-embed-websocket-9.0.21.jar;c:\repo\org\hibernate\validator\hibernate-validator\6.0.17.Final\hibernate-validator-6.0.17.Final.jar;c:\repo\javax\validation\validation-api\2.0.1.Final\validation-api-2.0.1.Final.jar;c:\repo\org\jboss\logging\jboss-logging\3.3.2.Final\jboss-logging-3.3.2.Final.jar;c:\repo\com\fasterxml\classmate\1.4.0\classmate-1.4.0.jar;c:\repo\org\springframework\spring-web\5.1.8.RELEASE\spring-web-5.1.8.RELEASE.jar;c:\repo\org\springframework\spring-beans\5.1.8.RELEASE\spring-beans-5.1.8.RELEASE.jar;c:\repo\org\springframework\spring-webmvc\5.1.8.RELEASE\spring-webmvc-5.1.8.RELEASE.jar;c:\repo\org\springframework\spring-aop\5.1.8.RELEASE\spring-aop-5.1.8.RELEASE.jar;c:\repo\org\springframework\spring-expression\5.1.8.RELEASE\spring-expression-5.1.8.RELEASE.jar;c:\repo\org\springframework\boot\spring-boot-starter-test\2.1.6.RELEASE\spring-boot-starter-test-2.1.6.RELEASE.jar;c:\repo\org\springframework\boot\spring-boot-test\2.1.6.RELEASE\spring-boot-test-2.1.6.RELEASE.jar;c:\repo\org\springframework\boot\spring-boot-test-autoconfigure\2.1.6.RELEASE\spring-boot-test-autoconfigure-2.1.6.RELEASE.jar;c:\repo\com\jayway\jsonpath\json-path\2.4.0\json-path-2.4.0.jar;c:\repo\net\minidev\json-smart\2.3\json-smart-2.3.jar;c:\repo\net\minidev\accessors-smart\1.2\accessors-smart-1.2.jar;c:\repo\org\ow2\asm\asm\5.0.4\asm-5.0.4.jar;c:\repo\org\slf4j\slf4j-api\1.7.26\slf4j-api-1.7.26.jar;c:\repo\junit\junit\4.12\junit-4.12.jar;c:\repo\org\assertj\assertj-core\3.11.1\assertj-core-3.11.1.jar;c:\repo\org\mockito\mockito-core\2.23.4\mockito-core-2.23.4.jar;c:\repo\net\bytebuddy\byte-buddy\1.9.13\byte-buddy-1.9.13.jar;c:\repo\net\bytebuddy\byte-buddy-agent\1.9.13\byte-buddy-agent-1.9.13.jar;c:\repo\org\objenesis\objenesis\2.6\objenesis-2.6.jar;c:\repo\org\hamcrest\hamcrest-core\1.3\hamcrest-core-1.3.jar;c:\repo\org\hamcrest\hamcrest-library\1.3\hamcrest-library-1.3.jar;c:\repo\org\skyscreamer\jsonassert\1.5.0\jsonassert-1.5.0.jar;c:\repo\com\vaadin\external\google\android-json\0.0.20131108.vaadin1\android-json-0.0.20131108.vaadin1.jar;c:\repo\org\springframework\spring-core\5.1.8.RELEASE\spring-core-5.1.8.RELEASE.jar;c:\repo\org\springframework\spring-jcl\5.1.8.RELEASE\spring-jcl-5.1.8.RELEASE.jar;c:\repo\org\springframework\spring-test\5.1.8.RELEASE\spring-test-5.1.8.RELEASE.jar;c:\repo\org\xmlunit\xmlunit-core\2.6.2\xmlunit-core-2.6.2.jar;c:\repo\org\springframework\boot\spring-boot-devtools\2.1.6.RELEASE\spring-boot-devtools-2.1.6.RELEASE.jar;c:\repo\org\springframework\boot\spring-boot\2.1.6.RELEASE\spring-boot-2.1.6.RELEASE.jar;c:\repo\org\springframework\boot\spring-boot-autoconfigure\2.1.6.RELEASE\spring-boot-autoconfigure-2.1.6.RELEASE.jar;c:\repo\org\springframework\boot\spring-boot-configuration-processor\2.1.6.RELEASE\spring-boot-configuration-processor-2.1.6.RELEASE.jar;"/>
    <property name="java.vm.vendor" value="Oracle Corporation"/>
    <property name="sun.arch.data.model" value="64"/>
    <property name="user.variant" value=""/>
    <property name="java.vendor.url" value="http://java.oracle.com/"/>
    <property name="user.timezone" value="Europe/Paris"/>
    <property name="java.vm.specification.version" value="1.8"/>
    <property name="os.name" value="Windows 7"/>
    <property name="user.country" value="ES"/>
    <property name="sun.java.launcher" value="SUN_STANDARD"/>
    <property name="sun.boot.library.path" value="J:\tools\jdk\jdk1.8.0_162\jre\bin"/>
    <property name="sun.java.command" value="C:\Users\30051969\AppData\Local\Temp\surefire5367419346149578251\surefirebooter1408180482660981279.jar C:\Users\30051969\AppData\Local\Temp\surefire5367419346149578251 2019-08-29T20-18-53_823-jvmRun1 surefire6613017150774494879tmp surefire_08629368595739863228tmp"/>
    <property name="surefire.test.class.path" value="J:\dev\googlon\target\test-classes;J:\dev\googlon\target\classes;c:\repo\org\springframework\boot\spring-boot-starter-actuator\2.1.6.RELEASE\spring-boot-starter-actuator-2.1.6.RELEASE.jar;c:\repo\org\springframework\boot\spring-boot-starter\2.1.6.RELEASE\spring-boot-starter-2.1.6.RELEASE.jar;c:\repo\org\springframework\boot\spring-boot-starter-logging\2.1.6.RELEASE\spring-boot-starter-logging-2.1.6.RELEASE.jar;c:\repo\ch\qos\logback\logback-classic\1.2.3\logback-classic-1.2.3.jar;c:\repo\ch\qos\logback\logback-core\1.2.3\logback-core-1.2.3.jar;c:\repo\org\apache\logging\log4j\log4j-to-slf4j\2.11.2\log4j-to-slf4j-2.11.2.jar;c:\repo\org\apache\logging\log4j\log4j-api\2.11.2\log4j-api-2.11.2.jar;c:\repo\org\slf4j\jul-to-slf4j\1.7.26\jul-to-slf4j-1.7.26.jar;c:\repo\javax\annotation\javax.annotation-api\1.3.2\javax.annotation-api-1.3.2.jar;c:\repo\org\yaml\snakeyaml\1.23\snakeyaml-1.23.jar;c:\repo\org\springframework\boot\spring-boot-actuator-autoconfigure\2.1.6.RELEASE\spring-boot-actuator-autoconfigure-2.1.6.RELEASE.jar;c:\repo\org\springframework\boot\spring-boot-actuator\2.1.6.RELEASE\spring-boot-actuator-2.1.6.RELEASE.jar;c:\repo\com\fasterxml\jackson\core\jackson-databind\2.9.9\jackson-databind-2.9.9.jar;c:\repo\com\fasterxml\jackson\core\jackson-annotations\2.9.0\jackson-annotations-2.9.0.jar;c:\repo\com\fasterxml\jackson\core\jackson-core\2.9.9\jackson-core-2.9.9.jar;c:\repo\org\springframework\spring-context\5.1.8.RELEASE\spring-context-5.1.8.RELEASE.jar;c:\repo\com\fasterxml\jackson\datatype\jackson-datatype-jsr310\2.9.9\jackson-datatype-jsr310-2.9.9.jar;c:\repo\io\micrometer\micrometer-core\1.1.5\micrometer-core-1.1.5.jar;c:\repo\org\hdrhistogram\HdrHistogram\2.1.9\HdrHistogram-2.1.9.jar;c:\repo\org\latencyutils\LatencyUtils\2.0.3\LatencyUtils-2.0.3.jar;c:\repo\org\springframework\boot\spring-boot-starter-web\2.1.6.RELEASE\spring-boot-starter-web-2.1.6.RELEASE.jar;c:\repo\org\springframework\boot\spring-boot-starter-json\2.1.6.RELEASE\spring-boot-starter-json-2.1.6.RELEASE.jar;c:\repo\com\fasterxml\jackson\datatype\jackson-datatype-jdk8\2.9.9\jackson-datatype-jdk8-2.9.9.jar;c:\repo\com\fasterxml\jackson\module\jackson-module-parameter-names\2.9.9\jackson-module-parameter-names-2.9.9.jar;c:\repo\org\springframework\boot\spring-boot-starter-tomcat\2.1.6.RELEASE\spring-boot-starter-tomcat-2.1.6.RELEASE.jar;c:\repo\org\apache\tomcat\embed\tomcat-embed-core\9.0.21\tomcat-embed-core-9.0.21.jar;c:\repo\org\apache\tomcat\embed\tomcat-embed-el\9.0.21\tomcat-embed-el-9.0.21.jar;c:\repo\org\apache\tomcat\embed\tomcat-embed-websocket\9.0.21\tomcat-embed-websocket-9.0.21.jar;c:\repo\org\hibernate\validator\hibernate-validator\6.0.17.Final\hibernate-validator-6.0.17.Final.jar;c:\repo\javax\validation\validation-api\2.0.1.Final\validation-api-2.0.1.Final.jar;c:\repo\org\jboss\logging\jboss-logging\3.3.2.Final\jboss-logging-3.3.2.Final.jar;c:\repo\com\fasterxml\classmate\1.4.0\classmate-1.4.0.jar;c:\repo\org\springframework\spring-web\5.1.8.RELEASE\spring-web-5.1.8.RELEASE.jar;c:\repo\org\springframework\spring-beans\5.1.8.RELEASE\spring-beans-5.1.8.RELEASE.jar;c:\repo\org\springframework\spring-webmvc\5.1.8.RELEASE\spring-webmvc-5.1.8.RELEASE.jar;c:\repo\org\springframework\spring-aop\5.1.8.RELEASE\spring-aop-5.1.8.RELEASE.jar;c:\repo\org\springframework\spring-expression\5.1.8.RELEASE\spring-expression-5.1.8.RELEASE.jar;c:\repo\org\springframework\boot\spring-boot-starter-test\2.1.6.RELEASE\spring-boot-starter-test-2.1.6.RELEASE.jar;c:\repo\org\springframework\boot\spring-boot-test\2.1.6.RELEASE\spring-boot-test-2.1.6.RELEASE.jar;c:\repo\org\springframework\boot\spring-boot-test-autoconfigure\2.1.6.RELEASE\spring-boot-test-autoconfigure-2.1.6.RELEASE.jar;c:\repo\com\jayway\jsonpath\json-path\2.4.0\json-path-2.4.0.jar;c:\repo\net\minidev\json-smart\2.3\json-smart-2.3.jar;c:\repo\net\minidev\accessors-smart\1.2\accessors-smart-1.2.jar;c:\repo\org\ow2\asm\asm\5.0.4\asm-5.0.4.jar;c:\repo\org\slf4j\slf4j-api\1.7.26\slf4j-api-1.7.26.jar;c:\repo\junit\junit\4.12\junit-4.12.jar;c:\repo\org\assertj\assertj-core\3.11.1\assertj-core-3.11.1.jar;c:\repo\org\mockito\mockito-core\2.23.4\mockito-core-2.23.4.jar;c:\repo\net\bytebuddy\byte-buddy\1.9.13\byte-buddy-1.9.13.jar;c:\repo\net\bytebuddy\byte-buddy-agent\1.9.13\byte-buddy-agent-1.9.13.jar;c:\repo\org\objenesis\objenesis\2.6\objenesis-2.6.jar;c:\repo\org\hamcrest\hamcrest-core\1.3\hamcrest-core-1.3.jar;c:\repo\org\hamcrest\hamcrest-library\1.3\hamcrest-library-1.3.jar;c:\repo\org\skyscreamer\jsonassert\1.5.0\jsonassert-1.5.0.jar;c:\repo\com\vaadin\external\google\android-json\0.0.20131108.vaadin1\android-json-0.0.20131108.vaadin1.jar;c:\repo\org\springframework\spring-core\5.1.8.RELEASE\spring-core-5.1.8.RELEASE.jar;c:\repo\org\springframework\spring-jcl\5.1.8.RELEASE\spring-jcl-5.1.8.RELEASE.jar;c:\repo\org\springframework\spring-test\5.1.8.RELEASE\spring-test-5.1.8.RELEASE.jar;c:\repo\org\xmlunit\xmlunit-core\2.6.2\xmlunit-core-2.6.2.jar;c:\repo\org\springframework\boot\spring-boot-devtools\2.1.6.RELEASE\spring-boot-devtools-2.1.6.RELEASE.jar;c:\repo\org\springframework\boot\spring-boot\2.1.6.RELEASE\spring-boot-2.1.6.RELEASE.jar;c:\repo\org\springframework\boot\spring-boot-autoconfigure\2.1.6.RELEASE\spring-boot-autoconfigure-2.1.6.RELEASE.jar;c:\repo\org\springframework\boot\spring-boot-configuration-processor\2.1.6.RELEASE\spring-boot-configuration-processor-2.1.6.RELEASE.jar;"/>
    <property name="sun.cpu.endian" value="little"/>
    <property name="user.home" value="C:\Users\30051969"/>
    <property name="user.language" value="es"/>
    <property name="java.specification.vendor" value="Oracle Corporation"/>
    <property name="java.home" value="J:\tools\jdk\jdk1.8.0_162\jre"/>
    <property name="basedir" value="J:\dev\googlon"/>
    <property name="file.separator" value="\"/>
    <property name="line.separator" value="&#10;"/>
    <property name="java.vm.specification.vendor" value="Oracle Corporation"/>
    <property name="java.specification.name" value="Java Platform API Specification"/>
    <property name="java.awt.graphicsenv" value="sun.awt.Win32GraphicsEnvironment"/>
    <property name="surefire.real.class.path" value="C:\Users\30051969\AppData\Local\Temp\surefire5367419346149578251\surefirebooter1408180482660981279.jar"/>
    <property name="sun.boot.class.path" value="J:\tools\jdk\jdk1.8.0_162\jre\lib\resources.jar;J:\tools\jdk\jdk1.8.0_162\jre\lib\rt.jar;J:\tools\jdk\jdk1.8.0_162\jre\lib\sunrsasign.jar;J:\tools\jdk\jdk1.8.0_162\jre\lib\jsse.jar;J:\tools\jdk\jdk1.8.0_162\jre\lib\jce.jar;J:\tools\jdk\jdk1.8.0_162\jre\lib\charsets.jar;J:\tools\jdk\jdk1.8.0_162\jre\lib\jfr.jar;J:\tools\jdk\jdk1.8.0_162\jre\classes"/>
    <property name="user.script" value=""/>
    <property name="sun.management.compiler" value="HotSpot 64-Bit Tiered Compilers"/>
    <property name="java.runtime.version" value="1.8.0_162-b12"/>
    <property name="user.name" value="30051969"/>
    <property name="path.separator" value=";"/>
    <property name="os.version" value="6.1"/>
    <property name="java.endorsed.dirs" value="J:\tools\jdk\jdk1.8.0_162\jre\lib\endorsed"/>
    <property name="java.runtime.name" value="Java(TM) SE Runtime Environment"/>
    <property name="file.encoding" value="Cp1252"/>
    <property name="java.vm.name" value="Java HotSpot(TM) 64-Bit Server VM"/>
    <property name="localRepository" value="c:\repo"/>
    <property name="java.vendor.url.bug" value="http://bugreport.sun.com/bugreport/"/>
    <property name="java.io.tmpdir" value="C:\Users\30051969\AppData\Local\Temp\"/>
    <property name="java.version" value="1.8.0_162"/>
    <property name="user.dir" value="J:\dev\googlon"/>
    <property name="os.arch" value="amd64"/>
    <property name="java.vm.specification.name" value="Java Virtual Machine Specification"/>
    <property name="java.awt.printerjob" value="sun.awt.windows.WPrinterJob"/>
    <property name="sun.os.patch.level" value="Service Pack 1"/>
    <property name="java.library.path" value="J:\tools\jdk\jdk1.8.0_162\jre\bin;C:\Windows\Sun\Java\bin;C:\Windows\system32;C:\Windows;J:\TOOLS\jdk\jdk1.8.0_162\bin;J:\TOOLS\MAVEN\maven-3.3.9\bin;J:\TOOLS\eclipse\sts-bundle\sts-3.9.2.RELEASE;J:\TOOLS\SUBVERSION\1.5;C:\Program Files\AdoptOpenJDK\jdk-11.0.4.11-hotspot\bin;D:\Program Files\Java\jre1.8.0_201\bin\;C:\Program Files (x86)\Common Files\Oracle\Java\javapath;C:\Program Files (x86)\Intel\iCLS Client\;C:\Program Files\Intel\iCLS Client\;C:\Windows\system32;C:\Windows;C:\Windows\System32\Wbem;C:\Windows\System32\WindowsPowerShell\v1.0\;C:\Program Files (x86)\Intel\UCRT\;C:\Program Files\Intel\UCRT\;C:\Program Files (x86)\Intel\Intel(R) Management Engine Components\DAL;C:\Program Files\Intel\Intel(R) Management Engine Components\DAL;C:\Program Files (x86)\Intel\Intel(R) Management Engine Components\IPT;C:\Program Files\Intel\Intel(R) Management Engine Components\IPT;c:\bin\ingresII\ingres\bin;C:\Program Files\PuTTY\;C:\Program Files\Microsoft Windows Performance Toolkit\;C:\oracle\instantclient_12_2;C:\Program Files (x86)\OpenSSH\bin;C:\Python27;C:\Python27\Scripts;C:\Program Files\Microsoft VS Code\bin;C:\Program Files\AutoFirma\AutoFirma;J:\tools\maven\maven-3.3.9\bin;C:\Program Files\Git\cmd;C:\Users\30051969\AppData\Roaming\nvm;C:\Program Files\nodejs;."/>
    <property name="java.vm.info" value="mixed mode"/>
    <property name="java.vendor" value="Oracle Corporation"/>
    <property name="java.vm.version" value="25.162-b12"/>
    <property name="java.ext.dirs" value="J:\tools\jdk\jdk1.8.0_162\jre\lib\ext;C:\Windows\Sun\Java\lib\ext"/>
    <property name="sun.io.unicode.encoding" value="UnicodeLittle"/>
    <property name="java.class.version" value="52.0"/>
  </properties>
  <testcase name="testTextA" classname="com.credijusto.googlon.GooglonApplicationTests" time="0.093"/>
  <testcase name="testTextB" classname="com.credijusto.googlon.GooglonApplicationTests" time="0"/>
  <testcase name="testTextC" classname="com.credijusto.googlon.GooglonApplicationTests" time="0"/>
  <testcase name="testTextD" classname="com.credijusto.googlon.GooglonApplicationTests" time="0"/>
  <testcase name="testTextE" classname="com.credijusto.googlon.GooglonApplicationTests" time="0"/>
</testsuite>